<?xml version="1.0" encoding="UTF-8"?>
<!-- Generated by org.testng.reporters.JUnitReportReporter -->
<testsuite hostname="DESKTOP-MC500V4" failures="0" tests="2" name="com.flipkart.qa.test.DataTest" time="6.710" errors="0" timestamp="2024-09-10T00:54:14 IST" skipped="0">
  <testcase classname="com.flipkart.qa.test.DataTest" name="dataTest" time="5.951"/>
  <system-out/>
  <testcase classname="com.flipkart.qa.test.DataTest" name="dataTest" time="0.759"/>
  <system-out/>
</testsuite> <!-- com.flipkart.qa.test.DataTest -->
