<?xml version="1.0" encoding="UTF-8"?>
<!-- Generated by org.testng.reporters.JUnitReportReporter -->
<testsuite hostname="DESKTOP-9FT8T32" failures="0" tests="2" name="com.flipkart.qa.test.CrossBrowsing" time="52.847" errors="0" timestamp="2024-10-05T22:15:31 IST" skipped="0">
  <testcase classname="com.flipkart.qa.test.CrossBrowsing" name="launch" time="6.340"/>
  <system-out/>
  <testcase classname="com.flipkart.qa.test.CrossBrowsing" name="launch" time="46.507"/>
  <system-out/>
</testsuite> <!-- com.flipkart.qa.test.CrossBrowsing -->
